2016-08-25 10:33:34,477 [main] INFO  com.self.wechat.token.TokenManage - 真的进来了======================
2016-08-25 10:33:34,491 [main] INFO  com.self.wechat.token.TokenManage - 又来一次
2016-08-25 10:33:35,752 [main] INFO  com.self.wechat.token.TokenManage - token================null 获取token
2016-08-25 10:33:35,752 [main] INFO  com.self.wechat.menu.MenuManage - 创建菜单token>>>>>>>>>>>>>>>>>>AmL6b6zWlJaHsCxGimULM2_25nbPs__4BjgqAJWV1MKL_oRLOo3dmmJr7BYzZ2X77Iaqcid2VpFS5tpfBOBbLvu6hZ8aH9TRzY_VBuRgNnbHv-uXC2s29sm0FlPC6sWwDXOdAHAVPG
2016-08-25 10:33:36,012 [main] INFO  com.self.wechat.menu.MenuManage - 菜单创建成功！
2016-08-25 14:01:46,483 [main] INFO  MainTest - 上传文件结果：{"errcode":42001,"errmsg":"access_token expired hint: [9F5Lga0910e297]"}
2016-08-25 14:02:29,897 [main] INFO  com.self.wechat.menu.MenuManage - 创建菜单token>>>>>>>>>>>>>>>>>>AmL6b6zWlJaHsCxGimULM2_25nbPs__4BjgqAJWV1MKL_oRLOo3dmmJr7BYzZ2X77Iaqcid2VpFS5tpfBOBbLvu6hZ8aH9TRzY_VBuRgNnbHv-uXC2s29sm0FlPC6sWwDXOdAHAVPG
2016-08-25 14:02:30,980 [main] ERROR com.self.wechat.menu.MenuApi - 创建菜单失败：errcode:42001 errmsg:"access_token expired hint: [l6rVja0955vr18]"
2016-08-25 14:02:30,987 [main] ERROR com.self.wechat.menu.MenuManage - 菜单创建失败！
2016-08-25 14:02:40,566 [main] INFO  com.self.wechat.token.TokenManage - 真的进来了======================
2016-08-25 14:02:40,570 [main] INFO  com.self.wechat.token.TokenManage - 又来一次
2016-08-25 14:02:41,658 [main] INFO  com.self.wechat.token.TokenManage - token================null 获取token
2016-08-25 14:02:41,659 [main] INFO  com.self.wechat.menu.MenuManage - 创建菜单token>>>>>>>>>>>>>>>>>>dav-UlJl0w0cUCHNEs0cVjbUtiUO-8QhhR15oQSyndyjzTLTfCiYF9aRYqKtBY71bEw3cr1W5GZeHWtdCcuZM5NZe0xcmf-ZQ3tNR4E0ECseLGoQJ3Ct3Oze3o1k36KJNGTiAFATMZ
2016-08-25 14:02:41,955 [main] INFO  com.self.wechat.menu.MenuManage - 菜单创建成功！
2016-08-25 14:03:10,084 [main] INFO  MainTest - 上传文件结果：{"errcode":40005,"errmsg":"invalid file type hint: [Hn3r.A0994e298]"}
2016-08-25 14:04:32,225 [main] INFO  MainTest - 上传文件结果：{"errcode":40005,"errmsg":"invalid file type hint: [tZmaCa0076e297]"}
2016-08-25 14:04:41,881 [main] INFO  MainTest - 上传文件结果：{"errcode":40004,"errmsg":"invalid media type hint: [fLVsVA0086e297]"}
2016-08-25 14:08:52,590 [main] INFO  MainTest - 上传文件结果：{"errcode":40005,"errmsg":"invalid file type hint: [9SCRAA0230e292]"}
2016-08-25 14:10:37,163 [main] INFO  MainTest - 上传文件结果：{"errcode":40005,"errmsg":"invalid file type hint: [13EJgA0441ure1]"}
2016-08-25 14:10:53,231 [main] INFO  MainTest - 上传文件结果：{"errcode":40004,"errmsg":"invalid media type hint: [Q5aDEA0457e298]"}
2016-08-25 14:11:12,239 [main] INFO  MainTest - 上传文件结果：{"type":"thumb","thumb_media_id":"dRr9_CDDN40lH6cvXznq5AzRaL8XOmodBnvsJGu4rkAz_2Z-fZnGI5_O_FA0TR6b","created_at":1472105476}
2016-08-25 14:20:12,476 [main] INFO  MainTest - 上传文件结果：{"type":"thumb","thumb_media_id":"mbQs-u_jxYnwdffhb1qVSxRm3mjVRljS-t3STJSU-ap8Wmc3TgUxNQM6jRp8UJ1S","created_at":1472106016}
2016-08-25 17:23:59,856 [main] INFO  com.self.wechat.material.MaterialApi - 44003>>>>>>>>>>>>>>>>>>>>>>>>>"empty news data hint: [fCxrBa0965e292]"
2016-08-25 17:28:36,332 [main] INFO  com.self.wechat.material.MaterialApi - 44003>>>>>>>>>>>>>>>>>>>>>>>>>"empty news data hint: [0187e292]"
2016-08-25 17:32:14,723 [main] INFO  com.self.wechat.material.MaterialApi - 40007>>>>>>>>>>>>>>>>>>>>>>>>>"invalid media_id hint: [EhXUVa0538e298]"
2016-08-25 17:41:16,671 [main] INFO  com.self.wechat.material.MaterialApi - 40007>>>>>>>>>>>>>>>>>>>>>>>>>"invalid media_id hint: [BlIcRa0080ure1]"
2016-08-25 18:12:27,096 [main] ERROR com.self.wechat.material.MaterialApi - 上传图片或语音失败
java.net.MalformedURLException: no protocol: iD7h65nyz4E5hYsUinKg5CaGtIW46EYAycMf0T1mO2pw45F541UtQacnli8fWE1wIhr6r2KB9vDw6PzAA0d1DYymNRqLzrTmXwV0JYLW36-IjtIjwP3rp9Ysay1rmBgeTUHeAAAXYL
	at java.net.URL.<init>(URL.java:586) ~[na:1.8.0_65]
	at java.net.URL.<init>(URL.java:483) ~[na:1.8.0_65]
	at java.net.URL.<init>(URL.java:432) ~[na:1.8.0_65]
	at com.self.wechat.material.MaterialApi.connection(MaterialApi.java:113) ~[classes/:na]
	at com.self.wechat.material.MaterialApi.uploadImgOrVoice(MaterialApi.java:60) ~[classes/:na]
	at com.self.wechat.material.MaterialTest.main(MaterialTest.java:13) [test-classes/:na]
	at sun.reflect.NativeMethodAccessorImpl.invoke0(Native Method) ~[na:1.8.0_65]
	at sun.reflect.NativeMethodAccessorImpl.invoke(NativeMethodAccessorImpl.java:62) ~[na:1.8.0_65]
	at sun.reflect.DelegatingMethodAccessorImpl.invoke(DelegatingMethodAccessorImpl.java:43) ~[na:1.8.0_65]
	at java.lang.reflect.Method.invoke(Method.java:497) ~[na:1.8.0_65]
	at com.intellij.rt.execution.application.AppMain.main(AppMain.java:144) [idea_rt.jar:na]
